Flow report for seg_clock
Sun Jan 15 10:18:38 2012
Quartus II Version 9.1 Build 350 03/24/2010 Service Pack 2 SJ Full Version


---------------------
; Table of Contents ;
---------------------
  1. Legal Notice
  2. Flow Summary
  3. Flow Settings
  4. Flow Non-Default Global Settings
  5. Flow Elapsed Time
  6. Flow OS Summary
  7. Flow Log



----------------
; Legal Notice ;
----------------
Copyright (C) 1991-2010 Altera Corporation
Your use of Altera Corporation's design tools, logic functions 
and other software and tools, and its AMPP partner logic 
functions, and any output files from any of the foregoing 
(including device programming or simulation files), and any 
associated documentation or information are expressly subject 
to the terms and conditions of the Altera Program License 
Subscription Agreement, Altera MegaCore Function License 
Agreement, or other applicable license agreement, including, 
without limitation, that your use is for the sole purpose of 
programming logic devices manufactured by Altera and sold by 
Altera or its authorized distributors.  Please refer to the 
applicable agreement for further details.



+------------------------------------------------------------------------------------+
; Flow Summary                                                                       ;
+------------------------------------+-----------------------------------------------+
; Flow Status                        ; Successful - Sun Jan 15 10:18:37 2012         ;
; Quartus II Version                 ; 9.1 Build 350 03/24/2010 SP 2 SJ Full Version ;
; Revision Name                      ; seg_clock                                     ;
; Top-level Entity Name              ; seg_clock_top                                 ;
; Family                             ; Cyclone II                                    ;
; Device                             ; EP2C8Q208C8                                   ;
; Timing Models                      ; Final                                         ;
; Met timing requirements            ; No                                            ;
; Total logic elements               ; 238 / 8,256 ( 3 % )                           ;
;     Total combinational functions  ; 231 / 8,256 ( 3 % )                           ;
;     Dedicated logic registers      ; 102 / 8,256 ( 1 % )                           ;
; Total registers                    ; 102                                           ;
; Total pins                         ; 20 / 138 ( 14 % )                             ;
; Total virtual pins                 ; 0                                             ;
; Total memory bits                  ; 0 / 165,888 ( 0 % )                           ;
; Embedded Multiplier 9-bit elements ; 0 / 36 ( 0 % )                                ;
; Total PLLs                         ; 0 / 2 ( 0 % )                                 ;
+------------------------------------+-----------------------------------------------+


+-----------------------------------------+
; Flow Settings                           ;
+-------------------+---------------------+
; Option            ; Setting             ;
+-------------------+---------------------+
; Start date & time ; 01/15/2012 10:17:49 ;
; Main task         ; Compilation         ;
; Revision Name     ; seg_clock           ;
+-------------------+---------------------+


+------------------------------------------------------------------------------------------------------------------------------------------------+
; Flow Non-Default Global Settings                                                                                                               ;
+------------------------------------+----------------------------------------------------------+---------------+---------------+----------------+
; Assignment Name                    ; Value                                                    ; Default Value ; Entity Name   ; Section Id     ;
+------------------------------------+----------------------------------------------------------+---------------+---------------+----------------+
; COMPILER_SIGNATURE_ID              ; 963365942615.132659386825516                             ; --            ; --            ; --             ;
; MAX_CORE_JUNCTION_TEMP             ; 85                                                       ; --            ; --            ; --             ;
; MIN_CORE_JUNCTION_TEMP             ; 0                                                        ; --            ; --            ; --             ;
; MISC_FILE                          ; H:/fourbook/FB/code/Chapter14/seg_clock/seg_clock.dpf    ; --            ; --            ; --             ;
; MISC_FILE                          ; H:/fourbook/FB/code/Chapter14/seg_clock_v1/seg_clock.dpf ; --            ; --            ; --             ;
; PARTITION_COLOR                    ; 16764057                                                 ; --            ; seg_clock_top ; Top            ;
; PARTITION_NETLIST_TYPE             ; SOURCE                                                   ; --            ; seg_clock_top ; Top            ;
; TOP_LEVEL_ENTITY                   ; seg_clock_top                                            ; seg_clock     ; --            ; --             ;
; USE_GENERATED_PHYSICAL_CONSTRAINTS ; Off                                                      ; --            ; --            ; eda_blast_fpga ;
+------------------------------------+----------------------------------------------------------+---------------+---------------+----------------+


+-----------------------------------------------------------------------------------------------------------------------------+
; Flow Elapsed Time                                                                                                           ;
+-------------------------+--------------+-------------------------+---------------------+------------------------------------+
; Module Name             ; Elapsed Time ; Average Processors Used ; Peak Virtual Memory ; Total CPU Time (on all processors) ;
+-------------------------+--------------+-------------------------+---------------------+------------------------------------+
; Analysis & Synthesis    ; 00:00:11     ; 1.0                     ; 168 MB              ; 00:00:07                           ;
; Fitter                  ; 00:00:16     ; 1.0                     ; 183 MB              ; 00:00:08                           ;
; Assembler               ; 00:00:05     ; 1.0                     ; 160 MB              ; 00:00:02                           ;
; Classic Timing Analyzer ; 00:00:04     ; 1.0                     ; 115 MB              ; 00:00:01                           ;
; Total                   ; 00:00:36     ; --                      ; --                  ; 00:00:18                           ;
+-------------------------+--------------+-------------------------+---------------------+------------------------------------+


+---------------------------------------------------------------------------------------+
; Flow OS Summary                                                                       ;
+-------------------------+------------------+------------+------------+----------------+
; Module Name             ; Machine Hostname ; OS Name    ; OS Version ; Processor type ;
+-------------------------+------------------+------------+------------+----------------+
; Analysis & Synthesis    ; flanix           ; Windows XP ; 5.1        ; i1586          ;
; Fitter                  ; flanix           ; Windows XP ; 5.1        ; i1586          ;
; Assembler               ; flanix           ; Windows XP ; 5.1        ; i1586          ;
; Classic Timing Analyzer ; flanix           ; Windows XP ; 5.1        ; i1586          ;
+-------------------------+------------------+------------+------------+----------------+


------------
; Flow Log ;
------------
quartus_map --read_settings_files=on --write_settings_files=off seg_clock -c seg_clock
quartus_fit --read_settings_files=off --write_settings_files=off seg_clock -c seg_clock
quartus_asm --read_settings_files=off --write_settings_files=off seg_clock -c seg_clock
quartus_tan --read_settings_files=off --write_settings_files=off seg_clock -c seg_clock --timing_analysis_only



