Simulator report for parallel_adder
Sat Nov 12 15:42:06 2011
Quartus II Version 9.1 Build 350 03/24/2010 Service Pack 2 SJ Full Version


---------------------
; Table of Contents ;
---------------------
  1. Legal Notice
  2. Simulator Summary
  3. Simulator Settings
  4. Simulation Waveforms
  5. Coverage Summary
  6. Complete 1/0-Value Coverage
  7. Missing 1-Value Coverage
  8. Missing 0-Value Coverage
  9. Simulator INI Usage
 10. Simulator Messages



----------------
; Legal Notice ;
----------------
Copyright (C) 1991-2010 Altera Corporation
Your use of Altera Corporation's design tools, logic functions 
and other software and tools, and its AMPP partner logic 
functions, and any output files from any of the foregoing 
(including device programming or simulation files), and any 
associated documentation or information are expressly subject 
to the terms and conditions of the Altera Program License 
Subscription Agreement, Altera MegaCore Function License 
Agreement, or other applicable license agreement, including, 
without limitation, that your use is for the sole purpose of 
programming logic devices manufactured by Altera and sold by 
Altera or its authorized distributors.  Please refer to the 
applicable agreement for further details.



+--------------------------------------------+
; Simulator Summary                          ;
+-----------------------------+--------------+
; Type                        ; Value        ;
+-----------------------------+--------------+
; Simulation Start Time       ; 0 ps         ;
; Simulation End Time         ; 1.0 us       ;
; Simulation Netlist Size     ; 294 nodes    ;
; Simulation Coverage         ;      97.14 % ;
; Total Number of Transitions ; 14431        ;
; Simulation Breakpoints      ; 0            ;
; Family                      ; Cyclone      ;
+-----------------------------+--------------+


+---------------------------------------------------------------------------------------------------------------------------------------------------+
; Simulator Settings                                                                                                                                ;
+--------------------------------------------------------------------------------------------+--------------------------------------+---------------+
; Option                                                                                     ; Setting                              ; Default Value ;
+--------------------------------------------------------------------------------------------+--------------------------------------+---------------+
; Simulation mode                                                                            ; Functional                           ; Timing        ;
; Start time                                                                                 ; 0 ns                                 ; 0 ns          ;
; Simulation results format                                                                  ; CVWF                                 ;               ;
; Vector input source                                                                        ; simulation/qurtus/parallel_adder.vwf ;               ;
; Add pins automatically to simulation output waveforms                                      ; Off                                  ; On            ;
; Check outputs                                                                              ; Off                                  ; Off           ;
; Report simulation coverage                                                                 ; On                                   ; On            ;
; Display complete 1/0 value coverage report                                                 ; On                                   ; On            ;
; Display missing 1-value coverage report                                                    ; On                                   ; On            ;
; Display missing 0-value coverage report                                                    ; On                                   ; On            ;
; Detect setup and hold time violations                                                      ; Off                                  ; Off           ;
; Detect glitches                                                                            ; Off                                  ; Off           ;
; Disable timing delays in Timing Simulation                                                 ; Off                                  ; Off           ;
; Generate Signal Activity File                                                              ; Off                                  ; Off           ;
; Generate VCD File for PowerPlay Power Analyzer                                             ; Off                                  ; Off           ;
; Group bus channels in simulation results                                                   ; Off                                  ; Off           ;
; Preserve fewer signal transitions to reduce memory requirements                            ; On                                   ; On            ;
; Trigger vector comparison with the specified mode                                          ; INPUT_EDGE                           ; INPUT_EDGE    ;
; Disable setup and hold time violations detection in input registers of bi-directional pins ; Off                                  ; Off           ;
; Overwrite Waveform Inputs With Simulation Outputs                                          ; Off                                  ;               ;
; Perform Glitch Filtering in Timing Simulation                                              ; Auto                                 ; Auto          ;
+--------------------------------------------------------------------------------------------+--------------------------------------+---------------+


+----------------------+
; Simulation Waveforms ;
+----------------------+
Waveform report data cannot be output to ASCII.
Please use Quartus II to view the waveform report data.


+--------------------------------------------------------------------+
; Coverage Summary                                                   ;
+-----------------------------------------------------+--------------+
; Type                                                ; Value        ;
+-----------------------------------------------------+--------------+
; Total coverage as a percentage                      ;      97.14 % ;
; Total nodes checked                                 ; 294          ;
; Total output ports checked                          ; 315          ;
; Total output ports with complete 1/0-value coverage ; 306          ;
; Total output ports with no 1/0-value coverage       ; 9            ;
; Total output ports with no 1-value coverage         ; 9            ;
; Total output ports with no 0-value coverage         ; 9            ;
+-----------------------------------------------------+--------------+


The following table displays output ports that toggle between 1 and 0 during simulation.
+---------------------------------------------------------------------------------------------------------------------------------------------------------------------------------------------------+
; Complete 1/0-Value Coverage                                                                                                                                                                       ;
+-------------------------------------------------------------------------------------+------------------------------------------------------------------------------------------+------------------+
; Node Name                                                                           ; Output Port Name                                                                         ; Output Port Type ;
+-------------------------------------------------------------------------------------+------------------------------------------------------------------------------------------+------------------+
; |parallel_adder|da_one[0]                                                           ; |parallel_adder|da_one[0]                                                                ; out              ;
; |parallel_adder|da_one[1]                                                           ; |parallel_adder|da_one[1]                                                                ; out              ;
; |parallel_adder|da_one[2]                                                           ; |parallel_adder|da_one[2]                                                                ; out              ;
; |parallel_adder|da_one[3]                                                           ; |parallel_adder|da_one[3]                                                                ; out              ;
; |parallel_adder|da_one[4]                                                           ; |parallel_adder|da_one[4]                                                                ; out              ;
; |parallel_adder|da_one[5]                                                           ; |parallel_adder|da_one[5]                                                                ; out              ;
; |parallel_adder|da_one[6]                                                           ; |parallel_adder|da_one[6]                                                                ; out              ;
; |parallel_adder|da_one[7]                                                           ; |parallel_adder|da_one[7]                                                                ; out              ;
; |parallel_adder|db_one[0]                                                           ; |parallel_adder|db_one[0]                                                                ; out              ;
; |parallel_adder|db_one[1]                                                           ; |parallel_adder|db_one[1]                                                                ; out              ;
; |parallel_adder|db_one[2]                                                           ; |parallel_adder|db_one[2]                                                                ; out              ;
; |parallel_adder|db_one[3]                                                           ; |parallel_adder|db_one[3]                                                                ; out              ;
; |parallel_adder|db_one[4]                                                           ; |parallel_adder|db_one[4]                                                                ; out              ;
; |parallel_adder|db_one[5]                                                           ; |parallel_adder|db_one[5]                                                                ; out              ;
; |parallel_adder|db_one[6]                                                           ; |parallel_adder|db_one[6]                                                                ; out              ;
; |parallel_adder|db_one[7]                                                           ; |parallel_adder|db_one[7]                                                                ; out              ;
; |parallel_adder|da_two[0]                                                           ; |parallel_adder|da_two[0]                                                                ; out              ;
; |parallel_adder|da_two[1]                                                           ; |parallel_adder|da_two[1]                                                                ; out              ;
; |parallel_adder|da_two[2]                                                           ; |parallel_adder|da_two[2]                                                                ; out              ;
; |parallel_adder|da_two[3]                                                           ; |parallel_adder|da_two[3]                                                                ; out              ;
; |parallel_adder|da_two[4]                                                           ; |parallel_adder|da_two[4]                                                                ; out              ;
; |parallel_adder|da_two[5]                                                           ; |parallel_adder|da_two[5]                                                                ; out              ;
; |parallel_adder|da_two[6]                                                           ; |parallel_adder|da_two[6]                                                                ; out              ;
; |parallel_adder|da_two[7]                                                           ; |parallel_adder|da_two[7]                                                                ; out              ;
; |parallel_adder|db_two[0]                                                           ; |parallel_adder|db_two[0]                                                                ; out              ;
; |parallel_adder|db_two[1]                                                           ; |parallel_adder|db_two[1]                                                                ; out              ;
; |parallel_adder|db_two[2]                                                           ; |parallel_adder|db_two[2]                                                                ; out              ;
; |parallel_adder|db_two[3]                                                           ; |parallel_adder|db_two[3]                                                                ; out              ;
; |parallel_adder|db_two[4]                                                           ; |parallel_adder|db_two[4]                                                                ; out              ;
; |parallel_adder|db_two[5]                                                           ; |parallel_adder|db_two[5]                                                                ; out              ;
; |parallel_adder|db_two[6]                                                           ; |parallel_adder|db_two[6]                                                                ; out              ;
; |parallel_adder|db_two[7]                                                           ; |parallel_adder|db_two[7]                                                                ; out              ;
; |parallel_adder|da_three[0]                                                         ; |parallel_adder|da_three[0]                                                              ; out              ;
; |parallel_adder|da_three[1]                                                         ; |parallel_adder|da_three[1]                                                              ; out              ;
; |parallel_adder|da_three[2]                                                         ; |parallel_adder|da_three[2]                                                              ; out              ;
; |parallel_adder|da_three[3]                                                         ; |parallel_adder|da_three[3]                                                              ; out              ;
; |parallel_adder|da_three[4]                                                         ; |parallel_adder|da_three[4]                                                              ; out              ;
; |parallel_adder|da_three[5]                                                         ; |parallel_adder|da_three[5]                                                              ; out              ;
; |parallel_adder|da_three[6]                                                         ; |parallel_adder|da_three[6]                                                              ; out              ;
; |parallel_adder|da_three[7]                                                         ; |parallel_adder|da_three[7]                                                              ; out              ;
; |parallel_adder|db_three[0]                                                         ; |parallel_adder|db_three[0]                                                              ; out              ;
; |parallel_adder|db_three[1]                                                         ; |parallel_adder|db_three[1]                                                              ; out              ;
; |parallel_adder|db_three[2]                                                         ; |parallel_adder|db_three[2]                                                              ; out              ;
; |parallel_adder|db_three[3]                                                         ; |parallel_adder|db_three[3]                                                              ; out              ;
; |parallel_adder|db_three[4]                                                         ; |parallel_adder|db_three[4]                                                              ; out              ;
; |parallel_adder|db_three[5]                                                         ; |parallel_adder|db_three[5]                                                              ; out              ;
; |parallel_adder|db_three[6]                                                         ; |parallel_adder|db_three[6]                                                              ; out              ;
; |parallel_adder|db_three[7]                                                         ; |parallel_adder|db_three[7]                                                              ; out              ;
; |parallel_adder|sum_one[0]                                                          ; |parallel_adder|sum_one[0]                                                               ; pin_out          ;
; |parallel_adder|sum_one[1]                                                          ; |parallel_adder|sum_one[1]                                                               ; pin_out          ;
; |parallel_adder|sum_one[2]                                                          ; |parallel_adder|sum_one[2]                                                               ; pin_out          ;
; |parallel_adder|sum_one[3]                                                          ; |parallel_adder|sum_one[3]                                                               ; pin_out          ;
; |parallel_adder|sum_one[4]                                                          ; |parallel_adder|sum_one[4]                                                               ; pin_out          ;
; |parallel_adder|sum_one[5]                                                          ; |parallel_adder|sum_one[5]                                                               ; pin_out          ;
; |parallel_adder|sum_one[6]                                                          ; |parallel_adder|sum_one[6]                                                               ; pin_out          ;
; |parallel_adder|sum_one[7]                                                          ; |parallel_adder|sum_one[7]                                                               ; pin_out          ;
; |parallel_adder|sum_two[0]                                                          ; |parallel_adder|sum_two[0]                                                               ; pin_out          ;
; |parallel_adder|sum_two[1]                                                          ; |parallel_adder|sum_two[1]                                                               ; pin_out          ;
; |parallel_adder|sum_two[2]                                                          ; |parallel_adder|sum_two[2]                                                               ; pin_out          ;
; |parallel_adder|sum_two[3]                                                          ; |parallel_adder|sum_two[3]                                                               ; pin_out          ;
; |parallel_adder|sum_two[4]                                                          ; |parallel_adder|sum_two[4]                                                               ; pin_out          ;
; |parallel_adder|sum_two[5]                                                          ; |parallel_adder|sum_two[5]                                                               ; pin_out          ;
; |parallel_adder|sum_two[6]                                                          ; |parallel_adder|sum_two[6]                                                               ; pin_out          ;
; |parallel_adder|sum_two[7]                                                          ; |parallel_adder|sum_two[7]                                                               ; pin_out          ;
; |parallel_adder|sum_three[0]                                                        ; |parallel_adder|sum_three[0]                                                             ; pin_out          ;
; |parallel_adder|sum_three[1]                                                        ; |parallel_adder|sum_three[1]                                                             ; pin_out          ;
; |parallel_adder|sum_three[2]                                                        ; |parallel_adder|sum_three[2]                                                             ; pin_out          ;
; |parallel_adder|sum_three[3]                                                        ; |parallel_adder|sum_three[3]                                                             ; pin_out          ;
; |parallel_adder|sum_three[4]                                                        ; |parallel_adder|sum_three[4]                                                             ; pin_out          ;
; |parallel_adder|sum_three[5]                                                        ; |parallel_adder|sum_three[5]                                                             ; pin_out          ;
; |parallel_adder|sum_three[6]                                                        ; |parallel_adder|sum_three[6]                                                             ; pin_out          ;
; |parallel_adder|sum_three[7]                                                        ; |parallel_adder|sum_three[7]                                                             ; pin_out          ;
; |parallel_adder|lpm_add_sub:Add2|result_node[0]                                     ; |parallel_adder|lpm_add_sub:Add2|result_node[0]                                          ; out0             ;
; |parallel_adder|lpm_add_sub:Add2|result_node[1]                                     ; |parallel_adder|lpm_add_sub:Add2|result_node[1]                                          ; out0             ;
; |parallel_adder|lpm_add_sub:Add2|result_node[2]                                     ; |parallel_adder|lpm_add_sub:Add2|result_node[2]                                          ; out0             ;
; |parallel_adder|lpm_add_sub:Add2|result_node[3]                                     ; |parallel_adder|lpm_add_sub:Add2|result_node[3]                                          ; out0             ;
; |parallel_adder|lpm_add_sub:Add2|result_node[4]                                     ; |parallel_adder|lpm_add_sub:Add2|result_node[4]                                          ; out0             ;
; |parallel_adder|lpm_add_sub:Add2|result_node[5]                                     ; |parallel_adder|lpm_add_sub:Add2|result_node[5]                                          ; out0             ;
; |parallel_adder|lpm_add_sub:Add2|result_node[6]                                     ; |parallel_adder|lpm_add_sub:Add2|result_node[6]                                          ; out0             ;
; |parallel_adder|lpm_add_sub:Add2|result_node[7]                                     ; |parallel_adder|lpm_add_sub:Add2|result_node[7]                                          ; out0             ;
; |parallel_adder|lpm_add_sub:Add2|addcore:adder|datab_node[0]                        ; |parallel_adder|lpm_add_sub:Add2|addcore:adder|datab_node[0]                             ; out0             ;
; |parallel_adder|lpm_add_sub:Add2|addcore:adder|unreg_res_node[0]~0                  ; |parallel_adder|lpm_add_sub:Add2|addcore:adder|unreg_res_node[0]~0                       ; out0             ;
; |parallel_adder|lpm_add_sub:Add2|addcore:adder|unreg_res_node[0]                    ; |parallel_adder|lpm_add_sub:Add2|addcore:adder|unreg_res_node[0]                         ; out0             ;
; |parallel_adder|lpm_add_sub:Add2|addcore:adder|_~0                                  ; |parallel_adder|lpm_add_sub:Add2|addcore:adder|_~0                                       ; out0             ;
; |parallel_adder|lpm_add_sub:Add2|addcore:adder|_~1                                  ; |parallel_adder|lpm_add_sub:Add2|addcore:adder|_~1                                       ; out0             ;
; |parallel_adder|lpm_add_sub:Add2|addcore:adder|_~3                                  ; |parallel_adder|lpm_add_sub:Add2|addcore:adder|_~3                                       ; out0             ;
; |parallel_adder|lpm_add_sub:Add2|addcore:adder|datab_node[7]                        ; |parallel_adder|lpm_add_sub:Add2|addcore:adder|datab_node[7]                             ; out0             ;
; |parallel_adder|lpm_add_sub:Add2|addcore:adder|datab_node[6]                        ; |parallel_adder|lpm_add_sub:Add2|addcore:adder|datab_node[6]                             ; out0             ;
; |parallel_adder|lpm_add_sub:Add2|addcore:adder|datab_node[5]                        ; |parallel_adder|lpm_add_sub:Add2|addcore:adder|datab_node[5]                             ; out0             ;
; |parallel_adder|lpm_add_sub:Add2|addcore:adder|datab_node[4]                        ; |parallel_adder|lpm_add_sub:Add2|addcore:adder|datab_node[4]                             ; out0             ;
; |parallel_adder|lpm_add_sub:Add2|addcore:adder|datab_node[3]                        ; |parallel_adder|lpm_add_sub:Add2|addcore:adder|datab_node[3]                             ; out0             ;
; |parallel_adder|lpm_add_sub:Add2|addcore:adder|datab_node[2]                        ; |parallel_adder|lpm_add_sub:Add2|addcore:adder|datab_node[2]                             ; out0             ;
; |parallel_adder|lpm_add_sub:Add2|addcore:adder|datab_node[1]                        ; |parallel_adder|lpm_add_sub:Add2|addcore:adder|datab_node[1]                             ; out0             ;
; |parallel_adder|lpm_add_sub:Add2|addcore:adder|unreg_res_node[7]~1                  ; |parallel_adder|lpm_add_sub:Add2|addcore:adder|unreg_res_node[7]~1                       ; out0             ;
; |parallel_adder|lpm_add_sub:Add2|addcore:adder|unreg_res_node[6]~2                  ; |parallel_adder|lpm_add_sub:Add2|addcore:adder|unreg_res_node[6]~2                       ; out0             ;
; |parallel_adder|lpm_add_sub:Add2|addcore:adder|unreg_res_node[5]~3                  ; |parallel_adder|lpm_add_sub:Add2|addcore:adder|unreg_res_node[5]~3                       ; out0             ;
; |parallel_adder|lpm_add_sub:Add2|addcore:adder|unreg_res_node[4]~4                  ; |parallel_adder|lpm_add_sub:Add2|addcore:adder|unreg_res_node[4]~4                       ; out0             ;
; |parallel_adder|lpm_add_sub:Add2|addcore:adder|unreg_res_node[3]~5                  ; |parallel_adder|lpm_add_sub:Add2|addcore:adder|unreg_res_node[3]~5                       ; out0             ;
; |parallel_adder|lpm_add_sub:Add2|addcore:adder|unreg_res_node[2]~6                  ; |parallel_adder|lpm_add_sub:Add2|addcore:adder|unreg_res_node[2]~6                       ; out0             ;
; |parallel_adder|lpm_add_sub:Add2|addcore:adder|unreg_res_node[1]~7                  ; |parallel_adder|lpm_add_sub:Add2|addcore:adder|unreg_res_node[1]~7                       ; out0             ;
; |parallel_adder|lpm_add_sub:Add2|addcore:adder|unreg_res_node[7]                    ; |parallel_adder|lpm_add_sub:Add2|addcore:adder|unreg_res_node[7]                         ; out0             ;
; |parallel_adder|lpm_add_sub:Add2|addcore:adder|unreg_res_node[6]                    ; |parallel_adder|lpm_add_sub:Add2|addcore:adder|unreg_res_node[6]                         ; out0             ;
; |parallel_adder|lpm_add_sub:Add2|addcore:adder|unreg_res_node[5]                    ; |parallel_adder|lpm_add_sub:Add2|addcore:adder|unreg_res_node[5]                         ; out0             ;
; |parallel_adder|lpm_add_sub:Add2|addcore:adder|unreg_res_node[4]                    ; |parallel_adder|lpm_add_sub:Add2|addcore:adder|unreg_res_node[4]                         ; out0             ;
; |parallel_adder|lpm_add_sub:Add2|addcore:adder|unreg_res_node[3]                    ; |parallel_adder|lpm_add_sub:Add2|addcore:adder|unreg_res_node[3]                         ; out0             ;
; |parallel_adder|lpm_add_sub:Add2|addcore:adder|unreg_res_node[2]                    ; |parallel_adder|lpm_add_sub:Add2|addcore:adder|unreg_res_node[2]                         ; out0             ;
; |parallel_adder|lpm_add_sub:Add2|addcore:adder|unreg_res_node[1]                    ; |parallel_adder|lpm_add_sub:Add2|addcore:adder|unreg_res_node[1]                         ; out0             ;
; |parallel_adder|lpm_add_sub:Add2|addcore:adder|_~4                                  ; |parallel_adder|lpm_add_sub:Add2|addcore:adder|_~4                                       ; out0             ;
; |parallel_adder|lpm_add_sub:Add2|addcore:adder|_~5                                  ; |parallel_adder|lpm_add_sub:Add2|addcore:adder|_~5                                       ; out0             ;
; |parallel_adder|lpm_add_sub:Add2|addcore:adder|_~6                                  ; |parallel_adder|lpm_add_sub:Add2|addcore:adder|_~6                                       ; out0             ;
; |parallel_adder|lpm_add_sub:Add2|addcore:adder|_~7                                  ; |parallel_adder|lpm_add_sub:Add2|addcore:adder|_~7                                       ; out0             ;
; |parallel_adder|lpm_add_sub:Add2|addcore:adder|_~8                                  ; |parallel_adder|lpm_add_sub:Add2|addcore:adder|_~8                                       ; out0             ;
; |parallel_adder|lpm_add_sub:Add2|addcore:adder|_~9                                  ; |parallel_adder|lpm_add_sub:Add2|addcore:adder|_~9                                       ; out0             ;
; |parallel_adder|lpm_add_sub:Add2|addcore:adder|_~10                                 ; |parallel_adder|lpm_add_sub:Add2|addcore:adder|_~10                                      ; out0             ;
; |parallel_adder|lpm_add_sub:Add2|addcore:adder|_~11                                 ; |parallel_adder|lpm_add_sub:Add2|addcore:adder|_~11                                      ; out0             ;
; |parallel_adder|lpm_add_sub:Add2|addcore:adder|_~12                                 ; |parallel_adder|lpm_add_sub:Add2|addcore:adder|_~12                                      ; out0             ;
; |parallel_adder|lpm_add_sub:Add2|addcore:adder|_~13                                 ; |parallel_adder|lpm_add_sub:Add2|addcore:adder|_~13                                      ; out0             ;
; |parallel_adder|lpm_add_sub:Add2|addcore:adder|_~14                                 ; |parallel_adder|lpm_add_sub:Add2|addcore:adder|_~14                                      ; out0             ;
; |parallel_adder|lpm_add_sub:Add2|addcore:adder|_~15                                 ; |parallel_adder|lpm_add_sub:Add2|addcore:adder|_~15                                      ; out0             ;
; |parallel_adder|lpm_add_sub:Add2|addcore:adder|_~16                                 ; |parallel_adder|lpm_add_sub:Add2|addcore:adder|_~16                                      ; out0             ;
; |parallel_adder|lpm_add_sub:Add2|addcore:adder|_~17                                 ; |parallel_adder|lpm_add_sub:Add2|addcore:adder|_~17                                      ; out0             ;
; |parallel_adder|lpm_add_sub:Add2|addcore:adder|_~18                                 ; |parallel_adder|lpm_add_sub:Add2|addcore:adder|_~18                                      ; out0             ;
; |parallel_adder|lpm_add_sub:Add2|addcore:adder|_~19                                 ; |parallel_adder|lpm_add_sub:Add2|addcore:adder|_~19                                      ; out0             ;
; |parallel_adder|lpm_add_sub:Add2|addcore:adder|_~20                                 ; |parallel_adder|lpm_add_sub:Add2|addcore:adder|_~20                                      ; out0             ;
; |parallel_adder|lpm_add_sub:Add2|addcore:adder|_~21                                 ; |parallel_adder|lpm_add_sub:Add2|addcore:adder|_~21                                      ; out0             ;
; |parallel_adder|lpm_add_sub:Add2|addcore:adder|_~22                                 ; |parallel_adder|lpm_add_sub:Add2|addcore:adder|_~22                                      ; out0             ;
; |parallel_adder|lpm_add_sub:Add2|addcore:adder|_~23                                 ; |parallel_adder|lpm_add_sub:Add2|addcore:adder|_~23                                      ; out0             ;
; |parallel_adder|lpm_add_sub:Add2|addcore:adder|_~24                                 ; |parallel_adder|lpm_add_sub:Add2|addcore:adder|_~24                                      ; out0             ;
; |parallel_adder|lpm_add_sub:Add2|addcore:adder|_~25                                 ; |parallel_adder|lpm_add_sub:Add2|addcore:adder|_~25                                      ; out0             ;
; |parallel_adder|lpm_add_sub:Add2|addcore:adder|_~26                                 ; |parallel_adder|lpm_add_sub:Add2|addcore:adder|_~26                                      ; out0             ;
; |parallel_adder|lpm_add_sub:Add2|addcore:adder|_~27                                 ; |parallel_adder|lpm_add_sub:Add2|addcore:adder|_~27                                      ; out0             ;
; |parallel_adder|lpm_add_sub:Add2|addcore:adder|_~28                                 ; |parallel_adder|lpm_add_sub:Add2|addcore:adder|_~28                                      ; out0             ;
; |parallel_adder|lpm_add_sub:Add2|addcore:adder|_~29                                 ; |parallel_adder|lpm_add_sub:Add2|addcore:adder|_~29                                      ; out0             ;
; |parallel_adder|lpm_add_sub:Add2|addcore:adder|_~30                                 ; |parallel_adder|lpm_add_sub:Add2|addcore:adder|_~30                                      ; out0             ;
; |parallel_adder|lpm_add_sub:Add2|addcore:adder|_~31                                 ; |parallel_adder|lpm_add_sub:Add2|addcore:adder|_~31                                      ; out0             ;
; |parallel_adder|lpm_add_sub:Add2|addcore:adder|a_csnbuffer:result_node|cs_buffer[7] ; |parallel_adder|lpm_add_sub:Add2|addcore:adder|a_csnbuffer:result_node|cs_buffer[7]      ; sout             ;
; |parallel_adder|lpm_add_sub:Add2|addcore:adder|a_csnbuffer:result_node|cs_buffer[6] ; |parallel_adder|lpm_add_sub:Add2|addcore:adder|a_csnbuffer:result_node|cs_buffer[6]~COUT ; cout             ;
; |parallel_adder|lpm_add_sub:Add2|addcore:adder|a_csnbuffer:result_node|cs_buffer[6] ; |parallel_adder|lpm_add_sub:Add2|addcore:adder|a_csnbuffer:result_node|cs_buffer[6]      ; sout             ;
; |parallel_adder|lpm_add_sub:Add2|addcore:adder|a_csnbuffer:result_node|cs_buffer[5] ; |parallel_adder|lpm_add_sub:Add2|addcore:adder|a_csnbuffer:result_node|cs_buffer[5]~COUT ; cout             ;
; |parallel_adder|lpm_add_sub:Add2|addcore:adder|a_csnbuffer:result_node|cs_buffer[5] ; |parallel_adder|lpm_add_sub:Add2|addcore:adder|a_csnbuffer:result_node|cs_buffer[5]      ; sout             ;
; |parallel_adder|lpm_add_sub:Add2|addcore:adder|a_csnbuffer:result_node|cs_buffer[4] ; |parallel_adder|lpm_add_sub:Add2|addcore:adder|a_csnbuffer:result_node|cs_buffer[4]~COUT ; cout             ;
; |parallel_adder|lpm_add_sub:Add2|addcore:adder|a_csnbuffer:result_node|cs_buffer[4] ; |parallel_adder|lpm_add_sub:Add2|addcore:adder|a_csnbuffer:result_node|cs_buffer[4]      ; sout             ;
; |parallel_adder|lpm_add_sub:Add2|addcore:adder|a_csnbuffer:result_node|cs_buffer[3] ; |parallel_adder|lpm_add_sub:Add2|addcore:adder|a_csnbuffer:result_node|cs_buffer[3]~COUT ; cout             ;
; |parallel_adder|lpm_add_sub:Add2|addcore:adder|a_csnbuffer:result_node|cs_buffer[3] ; |parallel_adder|lpm_add_sub:Add2|addcore:adder|a_csnbuffer:result_node|cs_buffer[3]      ; sout             ;
; |parallel_adder|lpm_add_sub:Add2|addcore:adder|a_csnbuffer:result_node|cs_buffer[2] ; |parallel_adder|lpm_add_sub:Add2|addcore:adder|a_csnbuffer:result_node|cs_buffer[2]~COUT ; cout             ;
; |parallel_adder|lpm_add_sub:Add2|addcore:adder|a_csnbuffer:result_node|cs_buffer[2] ; |parallel_adder|lpm_add_sub:Add2|addcore:adder|a_csnbuffer:result_node|cs_buffer[2]      ; sout             ;
; |parallel_adder|lpm_add_sub:Add2|addcore:adder|a_csnbuffer:result_node|cs_buffer[1] ; |parallel_adder|lpm_add_sub:Add2|addcore:adder|a_csnbuffer:result_node|cs_buffer[1]~COUT ; cout             ;
; |parallel_adder|lpm_add_sub:Add2|addcore:adder|a_csnbuffer:result_node|cs_buffer[1] ; |parallel_adder|lpm_add_sub:Add2|addcore:adder|a_csnbuffer:result_node|cs_buffer[1]      ; sout             ;
; |parallel_adder|lpm_add_sub:Add2|addcore:adder|a_csnbuffer:result_node|cs_buffer[0] ; |parallel_adder|lpm_add_sub:Add2|addcore:adder|a_csnbuffer:result_node|cs_buffer[0]~COUT ; cout             ;
; |parallel_adder|lpm_add_sub:Add2|addcore:adder|a_csnbuffer:result_node|cs_buffer[0] ; |parallel_adder|lpm_add_sub:Add2|addcore:adder|a_csnbuffer:result_node|cs_buffer[0]      ; sout             ;
; |parallel_adder|lpm_add_sub:Add1|result_node[0]                                     ; |parallel_adder|lpm_add_sub:Add1|result_node[0]                                          ; out0             ;
; |parallel_adder|lpm_add_sub:Add1|result_node[1]                                     ; |parallel_adder|lpm_add_sub:Add1|result_node[1]                                          ; out0             ;
; |parallel_adder|lpm_add_sub:Add1|result_node[2]                                     ; |parallel_adder|lpm_add_sub:Add1|result_node[2]                                          ; out0             ;
; |parallel_adder|lpm_add_sub:Add1|result_node[3]                                     ; |parallel_adder|lpm_add_sub:Add1|result_node[3]                                          ; out0             ;
; |parallel_adder|lpm_add_sub:Add1|result_node[4]                                     ; |parallel_adder|lpm_add_sub:Add1|result_node[4]                                          ; out0             ;
; |parallel_adder|lpm_add_sub:Add1|result_node[5]                                     ; |parallel_adder|lpm_add_sub:Add1|result_node[5]                                          ; out0             ;
; |parallel_adder|lpm_add_sub:Add1|result_node[6]                                     ; |parallel_adder|lpm_add_sub:Add1|result_node[6]                                          ; out0             ;
; |parallel_adder|lpm_add_sub:Add1|result_node[7]                                     ; |parallel_adder|lpm_add_sub:Add1|result_node[7]                                          ; out0             ;
; |parallel_adder|lpm_add_sub:Add1|addcore:adder|datab_node[0]                        ; |parallel_adder|lpm_add_sub:Add1|addcore:adder|datab_node[0]                             ; out0             ;
; |parallel_adder|lpm_add_sub:Add1|addcore:adder|unreg_res_node[0]~0                  ; |parallel_adder|lpm_add_sub:Add1|addcore:adder|unreg_res_node[0]~0                       ; out0             ;
; |parallel_adder|lpm_add_sub:Add1|addcore:adder|unreg_res_node[0]                    ; |parallel_adder|lpm_add_sub:Add1|addcore:adder|unreg_res_node[0]                         ; out0             ;
; |parallel_adder|lpm_add_sub:Add1|addcore:adder|_~0                                  ; |parallel_adder|lpm_add_sub:Add1|addcore:adder|_~0                                       ; out0             ;
; |parallel_adder|lpm_add_sub:Add1|addcore:adder|_~1                                  ; |parallel_adder|lpm_add_sub:Add1|addcore:adder|_~1                                       ; out0             ;
; |parallel_adder|lpm_add_sub:Add1|addcore:adder|_~3                                  ; |parallel_adder|lpm_add_sub:Add1|addcore:adder|_~3                                       ; out0             ;
; |parallel_adder|lpm_add_sub:Add1|addcore:adder|datab_node[7]                        ; |parallel_adder|lpm_add_sub:Add1|addcore:adder|datab_node[7]                             ; out0             ;
; |parallel_adder|lpm_add_sub:Add1|addcore:adder|datab_node[6]                        ; |parallel_adder|lpm_add_sub:Add1|addcore:adder|datab_node[6]                             ; out0             ;
; |parallel_adder|lpm_add_sub:Add1|addcore:adder|datab_node[5]                        ; |parallel_adder|lpm_add_sub:Add1|addcore:adder|datab_node[5]                             ; out0             ;
; |parallel_adder|lpm_add_sub:Add1|addcore:adder|datab_node[4]                        ; |parallel_adder|lpm_add_sub:Add1|addcore:adder|datab_node[4]                             ; out0             ;
; |parallel_adder|lpm_add_sub:Add1|addcore:adder|datab_node[3]                        ; |parallel_adder|lpm_add_sub:Add1|addcore:adder|datab_node[3]                             ; out0             ;
; |parallel_adder|lpm_add_sub:Add1|addcore:adder|datab_node[2]                        ; |parallel_adder|lpm_add_sub:Add1|addcore:adder|datab_node[2]                             ; out0             ;
; |parallel_adder|lpm_add_sub:Add1|addcore:adder|datab_node[1]                        ; |parallel_adder|lpm_add_sub:Add1|addcore:adder|datab_node[1]                             ; out0             ;
; |parallel_adder|lpm_add_sub:Add1|addcore:adder|unreg_res_node[7]~1                  ; |parallel_adder|lpm_add_sub:Add1|addcore:adder|unreg_res_node[7]~1                       ; out0             ;
; |parallel_adder|lpm_add_sub:Add1|addcore:adder|unreg_res_node[6]~2                  ; |parallel_adder|lpm_add_sub:Add1|addcore:adder|unreg_res_node[6]~2                       ; out0             ;
; |parallel_adder|lpm_add_sub:Add1|addcore:adder|unreg_res_node[5]~3                  ; |parallel_adder|lpm_add_sub:Add1|addcore:adder|unreg_res_node[5]~3                       ; out0             ;
; |parallel_adder|lpm_add_sub:Add1|addcore:adder|unreg_res_node[4]~4                  ; |parallel_adder|lpm_add_sub:Add1|addcore:adder|unreg_res_node[4]~4                       ; out0             ;
; |parallel_adder|lpm_add_sub:Add1|addcore:adder|unreg_res_node[3]~5                  ; |parallel_adder|lpm_add_sub:Add1|addcore:adder|unreg_res_node[3]~5                       ; out0             ;
; |parallel_adder|lpm_add_sub:Add1|addcore:adder|unreg_res_node[2]~6                  ; |parallel_adder|lpm_add_sub:Add1|addcore:adder|unreg_res_node[2]~6                       ; out0             ;
; |parallel_adder|lpm_add_sub:Add1|addcore:adder|unreg_res_node[1]~7                  ; |parallel_adder|lpm_add_sub:Add1|addcore:adder|unreg_res_node[1]~7                       ; out0             ;
; |parallel_adder|lpm_add_sub:Add1|addcore:adder|unreg_res_node[7]                    ; |parallel_adder|lpm_add_sub:Add1|addcore:adder|unreg_res_node[7]                         ; out0             ;
; |parallel_adder|lpm_add_sub:Add1|addcore:adder|unreg_res_node[6]                    ; |parallel_adder|lpm_add_sub:Add1|addcore:adder|unreg_res_node[6]                         ; out0             ;
; |parallel_adder|lpm_add_sub:Add1|addcore:adder|unreg_res_node[5]                    ; |parallel_adder|lpm_add_sub:Add1|addcore:adder|unreg_res_node[5]                         ; out0             ;
; |parallel_adder|lpm_add_sub:Add1|addcore:adder|unreg_res_node[4]                    ; |parallel_adder|lpm_add_sub:Add1|addcore:adder|unreg_res_node[4]                         ; out0             ;
; |parallel_adder|lpm_add_sub:Add1|addcore:adder|unreg_res_node[3]                    ; |parallel_adder|lpm_add_sub:Add1|addcore:adder|unreg_res_node[3]                         ; out0             ;
; |parallel_adder|lpm_add_sub:Add1|addcore:adder|unreg_res_node[2]                    ; |parallel_adder|lpm_add_sub:Add1|addcore:adder|unreg_res_node[2]                         ; out0             ;
; |parallel_adder|lpm_add_sub:Add1|addcore:adder|unreg_res_node[1]                    ; |parallel_adder|lpm_add_sub:Add1|addcore:adder|unreg_res_node[1]                         ; out0             ;
; |parallel_adder|lpm_add_sub:Add1|addcore:adder|_~4                                  ; |parallel_adder|lpm_add_sub:Add1|addcore:adder|_~4                                       ; out0             ;
; |parallel_adder|lpm_add_sub:Add1|addcore:adder|_~5                                  ; |parallel_adder|lpm_add_sub:Add1|addcore:adder|_~5                                       ; out0             ;
; |parallel_adder|lpm_add_sub:Add1|addcore:adder|_~6                                  ; |parallel_adder|lpm_add_sub:Add1|addcore:adder|_~6                                       ; out0             ;
; |parallel_adder|lpm_add_sub:Add1|addcore:adder|_~7                                  ; |parallel_adder|lpm_add_sub:Add1|addcore:adder|_~7                                       ; out0             ;
; |parallel_adder|lpm_add_sub:Add1|addcore:adder|_~8                                  ; |parallel_adder|lpm_add_sub:Add1|addcore:adder|_~8                                       ; out0             ;
; |parallel_adder|lpm_add_sub:Add1|addcore:adder|_~9                                  ; |parallel_adder|lpm_add_sub:Add1|addcore:adder|_~9                                       ; out0             ;
; |parallel_adder|lpm_add_sub:Add1|addcore:adder|_~10                                 ; |parallel_adder|lpm_add_sub:Add1|addcore:adder|_~10                                      ; out0             ;
; |parallel_adder|lpm_add_sub:Add1|addcore:adder|_~11                                 ; |parallel_adder|lpm_add_sub:Add1|addcore:adder|_~11                                      ; out0             ;
; |parallel_adder|lpm_add_sub:Add1|addcore:adder|_~12                                 ; |parallel_adder|lpm_add_sub:Add1|addcore:adder|_~12                                      ; out0             ;
; |parallel_adder|lpm_add_sub:Add1|addcore:adder|_~13                                 ; |parallel_adder|lpm_add_sub:Add1|addcore:adder|_~13                                      ; out0             ;
; |parallel_adder|lpm_add_sub:Add1|addcore:adder|_~14                                 ; |parallel_adder|lpm_add_sub:Add1|addcore:adder|_~14                                      ; out0             ;
; |parallel_adder|lpm_add_sub:Add1|addcore:adder|_~15                                 ; |parallel_adder|lpm_add_sub:Add1|addcore:adder|_~15                                      ; out0             ;
; |parallel_adder|lpm_add_sub:Add1|addcore:adder|_~16                                 ; |parallel_adder|lpm_add_sub:Add1|addcore:adder|_~16                                      ; out0             ;
; |parallel_adder|lpm_add_sub:Add1|addcore:adder|_~17                                 ; |parallel_adder|lpm_add_sub:Add1|addcore:adder|_~17                                      ; out0             ;
; |parallel_adder|lpm_add_sub:Add1|addcore:adder|_~18                                 ; |parallel_adder|lpm_add_sub:Add1|addcore:adder|_~18                                      ; out0             ;
; |parallel_adder|lpm_add_sub:Add1|addcore:adder|_~19                                 ; |parallel_adder|lpm_add_sub:Add1|addcore:adder|_~19                                      ; out0             ;
; |parallel_adder|lpm_add_sub:Add1|addcore:adder|_~20                                 ; |parallel_adder|lpm_add_sub:Add1|addcore:adder|_~20                                      ; out0             ;
; |parallel_adder|lpm_add_sub:Add1|addcore:adder|_~21                                 ; |parallel_adder|lpm_add_sub:Add1|addcore:adder|_~21                                      ; out0             ;
; |parallel_adder|lpm_add_sub:Add1|addcore:adder|_~22                                 ; |parallel_adder|lpm_add_sub:Add1|addcore:adder|_~22                                      ; out0             ;
; |parallel_adder|lpm_add_sub:Add1|addcore:adder|_~23                                 ; |parallel_adder|lpm_add_sub:Add1|addcore:adder|_~23                                      ; out0             ;
; |parallel_adder|lpm_add_sub:Add1|addcore:adder|_~24                                 ; |parallel_adder|lpm_add_sub:Add1|addcore:adder|_~24                                      ; out0             ;
; |parallel_adder|lpm_add_sub:Add1|addcore:adder|_~25                                 ; |parallel_adder|lpm_add_sub:Add1|addcore:adder|_~25                                      ; out0             ;
; |parallel_adder|lpm_add_sub:Add1|addcore:adder|_~26                                 ; |parallel_adder|lpm_add_sub:Add1|addcore:adder|_~26                                      ; out0             ;
; |parallel_adder|lpm_add_sub:Add1|addcore:adder|_~27                                 ; |parallel_adder|lpm_add_sub:Add1|addcore:adder|_~27                                      ; out0             ;
; |parallel_adder|lpm_add_sub:Add1|addcore:adder|_~28                                 ; |parallel_adder|lpm_add_sub:Add1|addcore:adder|_~28                                      ; out0             ;
; |parallel_adder|lpm_add_sub:Add1|addcore:adder|_~29                                 ; |parallel_adder|lpm_add_sub:Add1|addcore:adder|_~29                                      ; out0             ;
; |parallel_adder|lpm_add_sub:Add1|addcore:adder|_~30                                 ; |parallel_adder|lpm_add_sub:Add1|addcore:adder|_~30                                      ; out0             ;
; |parallel_adder|lpm_add_sub:Add1|addcore:adder|_~31                                 ; |parallel_adder|lpm_add_sub:Add1|addcore:adder|_~31                                      ; out0             ;
; |parallel_adder|lpm_add_sub:Add1|addcore:adder|a_csnbuffer:result_node|cs_buffer[7] ; |parallel_adder|lpm_add_sub:Add1|addcore:adder|a_csnbuffer:result_node|cs_buffer[7]      ; sout             ;
; |parallel_adder|lpm_add_sub:Add1|addcore:adder|a_csnbuffer:result_node|cs_buffer[6] ; |parallel_adder|lpm_add_sub:Add1|addcore:adder|a_csnbuffer:result_node|cs_buffer[6]~COUT ; cout             ;
; |parallel_adder|lpm_add_sub:Add1|addcore:adder|a_csnbuffer:result_node|cs_buffer[6] ; |parallel_adder|lpm_add_sub:Add1|addcore:adder|a_csnbuffer:result_node|cs_buffer[6]      ; sout             ;
; |parallel_adder|lpm_add_sub:Add1|addcore:adder|a_csnbuffer:result_node|cs_buffer[5] ; |parallel_adder|lpm_add_sub:Add1|addcore:adder|a_csnbuffer:result_node|cs_buffer[5]~COUT ; cout             ;
; |parallel_adder|lpm_add_sub:Add1|addcore:adder|a_csnbuffer:result_node|cs_buffer[5] ; |parallel_adder|lpm_add_sub:Add1|addcore:adder|a_csnbuffer:result_node|cs_buffer[5]      ; sout             ;
; |parallel_adder|lpm_add_sub:Add1|addcore:adder|a_csnbuffer:result_node|cs_buffer[4] ; |parallel_adder|lpm_add_sub:Add1|addcore:adder|a_csnbuffer:result_node|cs_buffer[4]~COUT ; cout             ;
; |parallel_adder|lpm_add_sub:Add1|addcore:adder|a_csnbuffer:result_node|cs_buffer[4] ; |parallel_adder|lpm_add_sub:Add1|addcore:adder|a_csnbuffer:result_node|cs_buffer[4]      ; sout             ;
; |parallel_adder|lpm_add_sub:Add1|addcore:adder|a_csnbuffer:result_node|cs_buffer[3] ; |parallel_adder|lpm_add_sub:Add1|addcore:adder|a_csnbuffer:result_node|cs_buffer[3]~COUT ; cout             ;
; |parallel_adder|lpm_add_sub:Add1|addcore:adder|a_csnbuffer:result_node|cs_buffer[3] ; |parallel_adder|lpm_add_sub:Add1|addcore:adder|a_csnbuffer:result_node|cs_buffer[3]      ; sout             ;
; |parallel_adder|lpm_add_sub:Add1|addcore:adder|a_csnbuffer:result_node|cs_buffer[2] ; |parallel_adder|lpm_add_sub:Add1|addcore:adder|a_csnbuffer:result_node|cs_buffer[2]~COUT ; cout             ;
; |parallel_adder|lpm_add_sub:Add1|addcore:adder|a_csnbuffer:result_node|cs_buffer[2] ; |parallel_adder|lpm_add_sub:Add1|addcore:adder|a_csnbuffer:result_node|cs_buffer[2]      ; sout             ;
; |parallel_adder|lpm_add_sub:Add1|addcore:adder|a_csnbuffer:result_node|cs_buffer[1] ; |parallel_adder|lpm_add_sub:Add1|addcore:adder|a_csnbuffer:result_node|cs_buffer[1]~COUT ; cout             ;
; |parallel_adder|lpm_add_sub:Add1|addcore:adder|a_csnbuffer:result_node|cs_buffer[1] ; |parallel_adder|lpm_add_sub:Add1|addcore:adder|a_csnbuffer:result_node|cs_buffer[1]      ; sout             ;
; |parallel_adder|lpm_add_sub:Add1|addcore:adder|a_csnbuffer:result_node|cs_buffer[0] ; |parallel_adder|lpm_add_sub:Add1|addcore:adder|a_csnbuffer:result_node|cs_buffer[0]~COUT ; cout             ;
; |parallel_adder|lpm_add_sub:Add1|addcore:adder|a_csnbuffer:result_node|cs_buffer[0] ; |parallel_adder|lpm_add_sub:Add1|addcore:adder|a_csnbuffer:result_node|cs_buffer[0]      ; sout             ;
; |parallel_adder|lpm_add_sub:Add0|result_node[0]                                     ; |parallel_adder|lpm_add_sub:Add0|result_node[0]                                          ; out0             ;
; |parallel_adder|lpm_add_sub:Add0|result_node[1]                                     ; |parallel_adder|lpm_add_sub:Add0|result_node[1]                                          ; out0             ;
; |parallel_adder|lpm_add_sub:Add0|result_node[2]                                     ; |parallel_adder|lpm_add_sub:Add0|result_node[2]                                          ; out0             ;
; |parallel_adder|lpm_add_sub:Add0|result_node[3]                                     ; |parallel_adder|lpm_add_sub:Add0|result_node[3]                                          ; out0             ;
; |parallel_adder|lpm_add_sub:Add0|result_node[4]                                     ; |parallel_adder|lpm_add_sub:Add0|result_node[4]                                          ; out0             ;
; |parallel_adder|lpm_add_sub:Add0|result_node[5]                                     ; |parallel_adder|lpm_add_sub:Add0|result_node[5]                                          ; out0             ;
; |parallel_adder|lpm_add_sub:Add0|result_node[6]                                     ; |parallel_adder|lpm_add_sub:Add0|result_node[6]                                          ; out0             ;
; |parallel_adder|lpm_add_sub:Add0|result_node[7]                                     ; |parallel_adder|lpm_add_sub:Add0|result_node[7]                                          ; out0             ;
; |parallel_adder|lpm_add_sub:Add0|addcore:adder|datab_node[0]                        ; |parallel_adder|lpm_add_sub:Add0|addcore:adder|datab_node[0]                             ; out0             ;
; |parallel_adder|lpm_add_sub:Add0|addcore:adder|unreg_res_node[0]~0                  ; |parallel_adder|lpm_add_sub:Add0|addcore:adder|unreg_res_node[0]~0                       ; out0             ;
; |parallel_adder|lpm_add_sub:Add0|addcore:adder|unreg_res_node[0]                    ; |parallel_adder|lpm_add_sub:Add0|addcore:adder|unreg_res_node[0]                         ; out0             ;
; |parallel_adder|lpm_add_sub:Add0|addcore:adder|_~0                                  ; |parallel_adder|lpm_add_sub:Add0|addcore:adder|_~0                                       ; out0             ;
; |parallel_adder|lpm_add_sub:Add0|addcore:adder|_~1                                  ; |parallel_adder|lpm_add_sub:Add0|addcore:adder|_~1                                       ; out0             ;
; |parallel_adder|lpm_add_sub:Add0|addcore:adder|_~3                                  ; |parallel_adder|lpm_add_sub:Add0|addcore:adder|_~3                                       ; out0             ;
; |parallel_adder|lpm_add_sub:Add0|addcore:adder|datab_node[7]                        ; |parallel_adder|lpm_add_sub:Add0|addcore:adder|datab_node[7]                             ; out0             ;
; |parallel_adder|lpm_add_sub:Add0|addcore:adder|datab_node[6]                        ; |parallel_adder|lpm_add_sub:Add0|addcore:adder|datab_node[6]                             ; out0             ;
; |parallel_adder|lpm_add_sub:Add0|addcore:adder|datab_node[5]                        ; |parallel_adder|lpm_add_sub:Add0|addcore:adder|datab_node[5]                             ; out0             ;
; |parallel_adder|lpm_add_sub:Add0|addcore:adder|datab_node[4]                        ; |parallel_adder|lpm_add_sub:Add0|addcore:adder|datab_node[4]                             ; out0             ;
; |parallel_adder|lpm_add_sub:Add0|addcore:adder|datab_node[3]                        ; |parallel_adder|lpm_add_sub:Add0|addcore:adder|datab_node[3]                             ; out0             ;
; |parallel_adder|lpm_add_sub:Add0|addcore:adder|datab_node[2]                        ; |parallel_adder|lpm_add_sub:Add0|addcore:adder|datab_node[2]                             ; out0             ;
; |parallel_adder|lpm_add_sub:Add0|addcore:adder|datab_node[1]                        ; |parallel_adder|lpm_add_sub:Add0|addcore:adder|datab_node[1]                             ; out0             ;
; |parallel_adder|lpm_add_sub:Add0|addcore:adder|unreg_res_node[7]~1                  ; |parallel_adder|lpm_add_sub:Add0|addcore:adder|unreg_res_node[7]~1                       ; out0             ;
; |parallel_adder|lpm_add_sub:Add0|addcore:adder|unreg_res_node[6]~2                  ; |parallel_adder|lpm_add_sub:Add0|addcore:adder|unreg_res_node[6]~2                       ; out0             ;
; |parallel_adder|lpm_add_sub:Add0|addcore:adder|unreg_res_node[5]~3                  ; |parallel_adder|lpm_add_sub:Add0|addcore:adder|unreg_res_node[5]~3                       ; out0             ;
; |parallel_adder|lpm_add_sub:Add0|addcore:adder|unreg_res_node[4]~4                  ; |parallel_adder|lpm_add_sub:Add0|addcore:adder|unreg_res_node[4]~4                       ; out0             ;
; |parallel_adder|lpm_add_sub:Add0|addcore:adder|unreg_res_node[3]~5                  ; |parallel_adder|lpm_add_sub:Add0|addcore:adder|unreg_res_node[3]~5                       ; out0             ;
; |parallel_adder|lpm_add_sub:Add0|addcore:adder|unreg_res_node[2]~6                  ; |parallel_adder|lpm_add_sub:Add0|addcore:adder|unreg_res_node[2]~6                       ; out0             ;
; |parallel_adder|lpm_add_sub:Add0|addcore:adder|unreg_res_node[1]~7                  ; |parallel_adder|lpm_add_sub:Add0|addcore:adder|unreg_res_node[1]~7                       ; out0             ;
; |parallel_adder|lpm_add_sub:Add0|addcore:adder|unreg_res_node[7]                    ; |parallel_adder|lpm_add_sub:Add0|addcore:adder|unreg_res_node[7]                         ; out0             ;
; |parallel_adder|lpm_add_sub:Add0|addcore:adder|unreg_res_node[6]                    ; |parallel_adder|lpm_add_sub:Add0|addcore:adder|unreg_res_node[6]                         ; out0             ;
; |parallel_adder|lpm_add_sub:Add0|addcore:adder|unreg_res_node[5]                    ; |parallel_adder|lpm_add_sub:Add0|addcore:adder|unreg_res_node[5]                         ; out0             ;
; |parallel_adder|lpm_add_sub:Add0|addcore:adder|unreg_res_node[4]                    ; |parallel_adder|lpm_add_sub:Add0|addcore:adder|unreg_res_node[4]                         ; out0             ;
; |parallel_adder|lpm_add_sub:Add0|addcore:adder|unreg_res_node[3]                    ; |parallel_adder|lpm_add_sub:Add0|addcore:adder|unreg_res_node[3]                         ; out0             ;
; |parallel_adder|lpm_add_sub:Add0|addcore:adder|unreg_res_node[2]                    ; |parallel_adder|lpm_add_sub:Add0|addcore:adder|unreg_res_node[2]                         ; out0             ;
; |parallel_adder|lpm_add_sub:Add0|addcore:adder|unreg_res_node[1]                    ; |parallel_adder|lpm_add_sub:Add0|addcore:adder|unreg_res_node[1]                         ; out0             ;
; |parallel_adder|lpm_add_sub:Add0|addcore:adder|_~4                                  ; |parallel_adder|lpm_add_sub:Add0|addcore:adder|_~4                                       ; out0             ;
; |parallel_adder|lpm_add_sub:Add0|addcore:adder|_~5                                  ; |parallel_adder|lpm_add_sub:Add0|addcore:adder|_~5                                       ; out0             ;
; |parallel_adder|lpm_add_sub:Add0|addcore:adder|_~6                                  ; |parallel_adder|lpm_add_sub:Add0|addcore:adder|_~6                                       ; out0             ;
; |parallel_adder|lpm_add_sub:Add0|addcore:adder|_~7                                  ; |parallel_adder|lpm_add_sub:Add0|addcore:adder|_~7                                       ; out0             ;
; |parallel_adder|lpm_add_sub:Add0|addcore:adder|_~8                                  ; |parallel_adder|lpm_add_sub:Add0|addcore:adder|_~8                                       ; out0             ;
; |parallel_adder|lpm_add_sub:Add0|addcore:adder|_~9                                  ; |parallel_adder|lpm_add_sub:Add0|addcore:adder|_~9                                       ; out0             ;
; |parallel_adder|lpm_add_sub:Add0|addcore:adder|_~10                                 ; |parallel_adder|lpm_add_sub:Add0|addcore:adder|_~10                                      ; out0             ;
; |parallel_adder|lpm_add_sub:Add0|addcore:adder|_~11                                 ; |parallel_adder|lpm_add_sub:Add0|addcore:adder|_~11                                      ; out0             ;
; |parallel_adder|lpm_add_sub:Add0|addcore:adder|_~12                                 ; |parallel_adder|lpm_add_sub:Add0|addcore:adder|_~12                                      ; out0             ;
; |parallel_adder|lpm_add_sub:Add0|addcore:adder|_~13                                 ; |parallel_adder|lpm_add_sub:Add0|addcore:adder|_~13                                      ; out0             ;
; |parallel_adder|lpm_add_sub:Add0|addcore:adder|_~14                                 ; |parallel_adder|lpm_add_sub:Add0|addcore:adder|_~14                                      ; out0             ;
; |parallel_adder|lpm_add_sub:Add0|addcore:adder|_~15                                 ; |parallel_adder|lpm_add_sub:Add0|addcore:adder|_~15                                      ; out0             ;
; |parallel_adder|lpm_add_sub:Add0|addcore:adder|_~16                                 ; |parallel_adder|lpm_add_sub:Add0|addcore:adder|_~16                                      ; out0             ;
; |parallel_adder|lpm_add_sub:Add0|addcore:adder|_~17                                 ; |parallel_adder|lpm_add_sub:Add0|addcore:adder|_~17                                      ; out0             ;
; |parallel_adder|lpm_add_sub:Add0|addcore:adder|_~18                                 ; |parallel_adder|lpm_add_sub:Add0|addcore:adder|_~18                                      ; out0             ;
; |parallel_adder|lpm_add_sub:Add0|addcore:adder|_~19                                 ; |parallel_adder|lpm_add_sub:Add0|addcore:adder|_~19                                      ; out0             ;
; |parallel_adder|lpm_add_sub:Add0|addcore:adder|_~20                                 ; |parallel_adder|lpm_add_sub:Add0|addcore:adder|_~20                                      ; out0             ;
; |parallel_adder|lpm_add_sub:Add0|addcore:adder|_~21                                 ; |parallel_adder|lpm_add_sub:Add0|addcore:adder|_~21                                      ; out0             ;
; |parallel_adder|lpm_add_sub:Add0|addcore:adder|_~22                                 ; |parallel_adder|lpm_add_sub:Add0|addcore:adder|_~22                                      ; out0             ;
; |parallel_adder|lpm_add_sub:Add0|addcore:adder|_~23                                 ; |parallel_adder|lpm_add_sub:Add0|addcore:adder|_~23                                      ; out0             ;
; |parallel_adder|lpm_add_sub:Add0|addcore:adder|_~24                                 ; |parallel_adder|lpm_add_sub:Add0|addcore:adder|_~24                                      ; out0             ;
; |parallel_adder|lpm_add_sub:Add0|addcore:adder|_~25                                 ; |parallel_adder|lpm_add_sub:Add0|addcore:adder|_~25                                      ; out0             ;
; |parallel_adder|lpm_add_sub:Add0|addcore:adder|_~26                                 ; |parallel_adder|lpm_add_sub:Add0|addcore:adder|_~26                                      ; out0             ;
; |parallel_adder|lpm_add_sub:Add0|addcore:adder|_~27                                 ; |parallel_adder|lpm_add_sub:Add0|addcore:adder|_~27                                      ; out0             ;
; |parallel_adder|lpm_add_sub:Add0|addcore:adder|_~28                                 ; |parallel_adder|lpm_add_sub:Add0|addcore:adder|_~28                                      ; out0             ;
; |parallel_adder|lpm_add_sub:Add0|addcore:adder|_~29                                 ; |parallel_adder|lpm_add_sub:Add0|addcore:adder|_~29                                      ; out0             ;
; |parallel_adder|lpm_add_sub:Add0|addcore:adder|_~30                                 ; |parallel_adder|lpm_add_sub:Add0|addcore:adder|_~30                                      ; out0             ;
; |parallel_adder|lpm_add_sub:Add0|addcore:adder|_~31                                 ; |parallel_adder|lpm_add_sub:Add0|addcore:adder|_~31                                      ; out0             ;
; |parallel_adder|lpm_add_sub:Add0|addcore:adder|a_csnbuffer:result_node|cs_buffer[7] ; |parallel_adder|lpm_add_sub:Add0|addcore:adder|a_csnbuffer:result_node|cs_buffer[7]      ; sout             ;
; |parallel_adder|lpm_add_sub:Add0|addcore:adder|a_csnbuffer:result_node|cs_buffer[6] ; |parallel_adder|lpm_add_sub:Add0|addcore:adder|a_csnbuffer:result_node|cs_buffer[6]~COUT ; cout             ;
; |parallel_adder|lpm_add_sub:Add0|addcore:adder|a_csnbuffer:result_node|cs_buffer[6] ; |parallel_adder|lpm_add_sub:Add0|addcore:adder|a_csnbuffer:result_node|cs_buffer[6]      ; sout             ;
; |parallel_adder|lpm_add_sub:Add0|addcore:adder|a_csnbuffer:result_node|cs_buffer[5] ; |parallel_adder|lpm_add_sub:Add0|addcore:adder|a_csnbuffer:result_node|cs_buffer[5]~COUT ; cout             ;
; |parallel_adder|lpm_add_sub:Add0|addcore:adder|a_csnbuffer:result_node|cs_buffer[5] ; |parallel_adder|lpm_add_sub:Add0|addcore:adder|a_csnbuffer:result_node|cs_buffer[5]      ; sout             ;
; |parallel_adder|lpm_add_sub:Add0|addcore:adder|a_csnbuffer:result_node|cs_buffer[4] ; |parallel_adder|lpm_add_sub:Add0|addcore:adder|a_csnbuffer:result_node|cs_buffer[4]~COUT ; cout             ;
; |parallel_adder|lpm_add_sub:Add0|addcore:adder|a_csnbuffer:result_node|cs_buffer[4] ; |parallel_adder|lpm_add_sub:Add0|addcore:adder|a_csnbuffer:result_node|cs_buffer[4]      ; sout             ;
; |parallel_adder|lpm_add_sub:Add0|addcore:adder|a_csnbuffer:result_node|cs_buffer[3] ; |parallel_adder|lpm_add_sub:Add0|addcore:adder|a_csnbuffer:result_node|cs_buffer[3]~COUT ; cout             ;
; |parallel_adder|lpm_add_sub:Add0|addcore:adder|a_csnbuffer:result_node|cs_buffer[3] ; |parallel_adder|lpm_add_sub:Add0|addcore:adder|a_csnbuffer:result_node|cs_buffer[3]      ; sout             ;
; |parallel_adder|lpm_add_sub:Add0|addcore:adder|a_csnbuffer:result_node|cs_buffer[2] ; |parallel_adder|lpm_add_sub:Add0|addcore:adder|a_csnbuffer:result_node|cs_buffer[2]~COUT ; cout             ;
; |parallel_adder|lpm_add_sub:Add0|addcore:adder|a_csnbuffer:result_node|cs_buffer[2] ; |parallel_adder|lpm_add_sub:Add0|addcore:adder|a_csnbuffer:result_node|cs_buffer[2]      ; sout             ;
; |parallel_adder|lpm_add_sub:Add0|addcore:adder|a_csnbuffer:result_node|cs_buffer[1] ; |parallel_adder|lpm_add_sub:Add0|addcore:adder|a_csnbuffer:result_node|cs_buffer[1]~COUT ; cout             ;
; |parallel_adder|lpm_add_sub:Add0|addcore:adder|a_csnbuffer:result_node|cs_buffer[1] ; |parallel_adder|lpm_add_sub:Add0|addcore:adder|a_csnbuffer:result_node|cs_buffer[1]      ; sout             ;
; |parallel_adder|lpm_add_sub:Add0|addcore:adder|a_csnbuffer:result_node|cs_buffer[0] ; |parallel_adder|lpm_add_sub:Add0|addcore:adder|a_csnbuffer:result_node|cs_buffer[0]~COUT ; cout             ;
; |parallel_adder|lpm_add_sub:Add0|addcore:adder|a_csnbuffer:result_node|cs_buffer[0] ; |parallel_adder|lpm_add_sub:Add0|addcore:adder|a_csnbuffer:result_node|cs_buffer[0]      ; sout             ;
+-------------------------------------------------------------------------------------+------------------------------------------------------------------------------------------+------------------+


The following table displays output ports that do not toggle to 1 during simulation.
+----------------------------------------------------------------------------------------------------------------------------------------------------+
; Missing 1-Value Coverage                                                                                                                           ;
+----------------------------------------------------------------+----------------------------------------------------------------+------------------+
; Node Name                                                      ; Output Port Name                                               ; Output Port Type ;
+----------------------------------------------------------------+----------------------------------------------------------------+------------------+
; |parallel_adder|lpm_add_sub:Add2|addcore:adder|datab_node[0]~0 ; |parallel_adder|lpm_add_sub:Add2|addcore:adder|datab_node[0]~0 ; out0             ;
; |parallel_adder|lpm_add_sub:Add2|addcore:adder|_~2             ; |parallel_adder|lpm_add_sub:Add2|addcore:adder|_~2             ; out0             ;
; |parallel_adder|lpm_add_sub:Add2|addcore:adder|datab_node[7]~1 ; |parallel_adder|lpm_add_sub:Add2|addcore:adder|datab_node[7]~1 ; out0             ;
; |parallel_adder|lpm_add_sub:Add1|addcore:adder|datab_node[0]~0 ; |parallel_adder|lpm_add_sub:Add1|addcore:adder|datab_node[0]~0 ; out0             ;
; |parallel_adder|lpm_add_sub:Add1|addcore:adder|_~2             ; |parallel_adder|lpm_add_sub:Add1|addcore:adder|_~2             ; out0             ;
; |parallel_adder|lpm_add_sub:Add1|addcore:adder|datab_node[7]~1 ; |parallel_adder|lpm_add_sub:Add1|addcore:adder|datab_node[7]~1 ; out0             ;
; |parallel_adder|lpm_add_sub:Add0|addcore:adder|datab_node[0]~0 ; |parallel_adder|lpm_add_sub:Add0|addcore:adder|datab_node[0]~0 ; out0             ;
; |parallel_adder|lpm_add_sub:Add0|addcore:adder|_~2             ; |parallel_adder|lpm_add_sub:Add0|addcore:adder|_~2             ; out0             ;
; |parallel_adder|lpm_add_sub:Add0|addcore:adder|datab_node[7]~1 ; |parallel_adder|lpm_add_sub:Add0|addcore:adder|datab_node[7]~1 ; out0             ;
+----------------------------------------------------------------+----------------------------------------------------------------+------------------+


The following table displays output ports that do not toggle to 0 during simulation.
+----------------------------------------------------------------------------------------------------------------------------------------------------+
; Missing 0-Value Coverage                                                                                                                           ;
+----------------------------------------------------------------+----------------------------------------------------------------+------------------+
; Node Name                                                      ; Output Port Name                                               ; Output Port Type ;
+----------------------------------------------------------------+----------------------------------------------------------------+------------------+
; |parallel_adder|lpm_add_sub:Add2|addcore:adder|datab_node[0]~0 ; |parallel_adder|lpm_add_sub:Add2|addcore:adder|datab_node[0]~0 ; out0             ;
; |parallel_adder|lpm_add_sub:Add2|addcore:adder|_~2             ; |parallel_adder|lpm_add_sub:Add2|addcore:adder|_~2             ; out0             ;
; |parallel_adder|lpm_add_sub:Add2|addcore:adder|datab_node[7]~1 ; |parallel_adder|lpm_add_sub:Add2|addcore:adder|datab_node[7]~1 ; out0             ;
; |parallel_adder|lpm_add_sub:Add1|addcore:adder|datab_node[0]~0 ; |parallel_adder|lpm_add_sub:Add1|addcore:adder|datab_node[0]~0 ; out0             ;
; |parallel_adder|lpm_add_sub:Add1|addcore:adder|_~2             ; |parallel_adder|lpm_add_sub:Add1|addcore:adder|_~2             ; out0             ;
; |parallel_adder|lpm_add_sub:Add1|addcore:adder|datab_node[7]~1 ; |parallel_adder|lpm_add_sub:Add1|addcore:adder|datab_node[7]~1 ; out0             ;
; |parallel_adder|lpm_add_sub:Add0|addcore:adder|datab_node[0]~0 ; |parallel_adder|lpm_add_sub:Add0|addcore:adder|datab_node[0]~0 ; out0             ;
; |parallel_adder|lpm_add_sub:Add0|addcore:adder|_~2             ; |parallel_adder|lpm_add_sub:Add0|addcore:adder|_~2             ; out0             ;
; |parallel_adder|lpm_add_sub:Add0|addcore:adder|datab_node[7]~1 ; |parallel_adder|lpm_add_sub:Add0|addcore:adder|datab_node[7]~1 ; out0             ;
+----------------------------------------------------------------+----------------------------------------------------------------+------------------+


+---------------------+
; Simulator INI Usage ;
+--------+------------+
; Option ; Usage      ;
+--------+------------+


+--------------------+
; Simulator Messages ;
+--------------------+
Info: *******************************************************************
Info: Running Quartus II Simulator
    Info: Version 9.1 Build 350 03/24/2010 Service Pack 2 SJ Full Version
    Info: Processing started: Sat Nov 12 15:42:05 2011
Info: Command: quartus_sim --read_settings_files=on --write_settings_files=off parallel_adder -c parallel_adder
Info: Using vector source file "simulation/qurtus/parallel_adder.vwf"
Info: Option to preserve fewer signal transitions to reduce memory requirements is enabled
    Info: Simulation has been partitioned into sub-simulations according to the maximum transition count determined by the engine. Transitions from memory will be flushed out to disk at the end of each sub-simulation to reduce memory requirements.
Info: Simulation partitioned into 1 sub-simulations
Info: Simulation coverage is      97.14 %
Info: Number of transitions in simulation is 14431
Info: Quartus II Simulator was successful. 0 errors, 0 warnings
    Info: Peak virtual memory: 111 megabytes
    Info: Processing ended: Sat Nov 12 15:42:07 2011
    Info: Elapsed time: 00:00:02
    Info: Total CPU time (on all processors): 00:00:01


