Flow report for counter
Tue Apr 17 22:01:04 2012
Quartus II 32-bit Version 11.1 Build 259 01/25/2012 Service Pack 2 SJ Full Version


---------------------
; Table of Contents ;
---------------------
  1. Legal Notice
  2. Flow Summary
  3. Flow Settings
  4. Flow Non-Default Global Settings
  5. Flow Elapsed Time
  6. Flow OS Summary
  7. Flow Log



----------------
; Legal Notice ;
----------------
Copyright (C) 1991-2011 Altera Corporation
Your use of Altera Corporation's design tools, logic functions 
and other software and tools, and its AMPP partner logic 
functions, and any output files from any of the foregoing 
(including device programming or simulation files), and any 
associated documentation or information are expressly subject 
to the terms and conditions of the Altera Program License 
Subscription Agreement, Altera MegaCore Function License 
Agreement, or other applicable license agreement, including, 
without limitation, that your use is for the sole purpose of 
programming logic devices manufactured by Altera and sold by 
Altera or its authorized distributors.  Please refer to the 
applicable agreement for further details.



+-------------------------------------------------------------------------------------+
; Flow Summary                                                                        ;
+------------------------------------+------------------------------------------------+
; Flow Status                        ; Successful - Tue Apr 17 21:29:41 2012          ;
; Quartus II 32-bit Version          ; 11.1 Build 259 01/25/2012 SP 2 SJ Full Version ;
; Revision Name                      ; counter                                        ;
; Top-level Entity Name              ; counter                                        ;
; Family                             ; Cyclone II                                     ;
; Device                             ; EP2C8Q208C8                                    ;
; Timing Models                      ; Final                                          ;
; Total logic elements               ; 551 / 8,256 ( 7 % )                            ;
;     Total combinational functions  ; 368 / 8,256 ( 4 % )                            ;
;     Dedicated logic registers      ; 432 / 8,256 ( 5 % )                            ;
; Total registers                    ; 432                                            ;
; Total pins                         ; 11 / 138 ( 8 % )                               ;
; Total virtual pins                 ; 0                                              ;
; Total memory bits                  ; 2,560 / 165,888 ( 2 % )                        ;
; Embedded Multiplier 9-bit elements ; 0 / 36 ( 0 % )                                 ;
; Total PLLs                         ; 0 / 2 ( 0 % )                                  ;
+------------------------------------+------------------------------------------------+


+-----------------------------------------+
; Flow Settings                           ;
+-------------------+---------------------+
; Option            ; Setting             ;
+-------------------+---------------------+
; Start date & time ; 04/17/2012 21:27:16 ;
; Main task         ; Compilation         ;
; Revision Name     ; counter             ;
+-------------------+---------------------+


+-----------------------------------------------------------------------------------------------------------------------------------------------------------------+
; Flow Non-Default Global Settings                                                                                                                                ;
+--------------------------------------+-------------------------------------------------------------------------+---------------+-------------+------------------+
; Assignment Name                      ; Value                                                                   ; Default Value ; Entity Name ; Section Id       ;
+--------------------------------------+-------------------------------------------------------------------------+---------------+-------------+------------------+
; COMPILER_SIGNATURE_ID                ; 963365942615.133466923505196                                            ; --            ; --          ; --               ;
; EDA_DESIGN_INSTANCE_NAME             ; I1_counter                                                              ; --            ; --          ; counter_tb.vt    ;
; EDA_NATIVELINK_SIMULATION_TEST_BENCH ; counter_tb.vt                                                           ; --            ; --          ; eda_simulation   ;
; EDA_OUTPUT_DATA_FORMAT               ; Verilog Hdl                                                             ; --            ; --          ; eda_simulation   ;
; EDA_SIMULATION_TOOL                  ; ModelSim-Altera (Verilog)                                               ; <None>        ; --          ; --               ;
; EDA_TEST_BENCH_ENABLE_STATUS         ; TEST_BENCH_MODE                                                         ; --            ; --          ; eda_simulation   ;
; EDA_TEST_BENCH_FILE                  ; simulation/modelsim/counter_tb.vt                                       ; --            ; --          ; counter_tb.vt    ;
; EDA_TEST_BENCH_MODULE_NAME           ; counter_tb.vt                                                           ; --            ; --          ; counter_tb.vt    ;
; EDA_TEST_BENCH_NAME                  ; counter_tb.vt                                                           ; --            ; --          ; eda_simulation   ;
; EDA_TIME_SCALE                       ; 1 ns                                                                    ; --            ; --          ; eda_simulation   ;
; ENABLE_SIGNALTAP                     ; On                                                                      ; --            ; --          ; --               ;
; MAX_CORE_JUNCTION_TEMP               ; 85                                                                      ; --            ; --          ; --               ;
; MIN_CORE_JUNCTION_TEMP               ; 0                                                                       ; --            ; --          ; --               ;
; PARTITION_COLOR                      ; 16764057                                                                ; --            ; --          ; Top              ;
; PARTITION_FITTER_PRESERVATION_LEVEL  ; PLACEMENT_AND_ROUTING                                                   ; --            ; --          ; Top              ;
; PARTITION_NETLIST_TYPE               ; SOURCE                                                                  ; --            ; --          ; Top              ;
; SLD_NODE_CREATOR_ID                  ; 110                                                                     ; --            ; --          ; auto_signaltap_0 ;
; SLD_NODE_ENTITY_NAME                 ; sld_signaltap                                                           ; --            ; --          ; auto_signaltap_0 ;
; SLD_NODE_PARAMETER_ASSIGNMENT        ; SLD_NODE_INFO=805334528                                                 ; --            ; --          ; auto_signaltap_0 ;
; SLD_NODE_PARAMETER_ASSIGNMENT        ; SLD_POWER_UP_TRIGGER=0                                                  ; --            ; --          ; auto_signaltap_0 ;
; SLD_NODE_PARAMETER_ASSIGNMENT        ; SLD_STORAGE_QUALIFIER_INVERSION_MASK_LENGTH=0                           ; --            ; --          ; auto_signaltap_0 ;
; SLD_NODE_PARAMETER_ASSIGNMENT        ; SLD_ATTRIBUTE_MEM_MODE=OFF                                              ; --            ; --          ; auto_signaltap_0 ;
; SLD_NODE_PARAMETER_ASSIGNMENT        ; SLD_STATE_FLOW_USE_GENERATED=0                                          ; --            ; --          ; auto_signaltap_0 ;
; SLD_NODE_PARAMETER_ASSIGNMENT        ; SLD_STATE_BITS=11                                                       ; --            ; --          ; auto_signaltap_0 ;
; SLD_NODE_PARAMETER_ASSIGNMENT        ; SLD_BUFFER_FULL_STOP=1                                                  ; --            ; --          ; auto_signaltap_0 ;
; SLD_NODE_PARAMETER_ASSIGNMENT        ; SLD_CURRENT_RESOURCE_WIDTH=1                                            ; --            ; --          ; auto_signaltap_0 ;
; SLD_NODE_PARAMETER_ASSIGNMENT        ; SLD_TRIGGER_LEVEL=1                                                     ; --            ; --          ; auto_signaltap_0 ;
; SLD_NODE_PARAMETER_ASSIGNMENT        ; SLD_TRIGGER_IN_ENABLED=0                                                ; --            ; --          ; auto_signaltap_0 ;
; SLD_NODE_PARAMETER_ASSIGNMENT        ; SLD_ADVANCED_TRIGGER_ENTITY=basic,1,                                    ; --            ; --          ; auto_signaltap_0 ;
; SLD_NODE_PARAMETER_ASSIGNMENT        ; SLD_TRIGGER_LEVEL_PIPELINE=1                                            ; --            ; --          ; auto_signaltap_0 ;
; SLD_NODE_PARAMETER_ASSIGNMENT        ; SLD_ENABLE_ADVANCED_TRIGGER=0                                           ; --            ; --          ; auto_signaltap_0 ;
; SLD_NODE_PARAMETER_ASSIGNMENT        ; SLD_DATA_BITS=10                                                        ; --            ; --          ; auto_signaltap_0 ;
; SLD_NODE_PARAMETER_ASSIGNMENT        ; SLD_TRIGGER_BITS=10                                                     ; --            ; --          ; auto_signaltap_0 ;
; SLD_NODE_PARAMETER_ASSIGNMENT        ; SLD_INVERSION_MASK=0000000000000000000000000000000000000000000000000000 ; --            ; --          ; auto_signaltap_0 ;
; SLD_NODE_PARAMETER_ASSIGNMENT        ; SLD_INVERSION_MASK_LENGTH=52                                            ; --            ; --          ; auto_signaltap_0 ;
; SLD_NODE_PARAMETER_ASSIGNMENT        ; SLD_SEGMENT_SIZE=256                                                    ; --            ; --          ; auto_signaltap_0 ;
; SLD_NODE_PARAMETER_ASSIGNMENT        ; SLD_NODE_CRC_LOWORD=65341                                               ; --            ; --          ; auto_signaltap_0 ;
; SLD_NODE_PARAMETER_ASSIGNMENT        ; SLD_NODE_CRC_HIWORD=36805                                               ; --            ; --          ; auto_signaltap_0 ;
; SLD_NODE_PARAMETER_ASSIGNMENT        ; SLD_SAMPLE_DEPTH=256                                                    ; --            ; --          ; auto_signaltap_0 ;
; USE_GENERATED_PHYSICAL_CONSTRAINTS   ; Off                                                                     ; --            ; --          ; eda_blast_fpga   ;
; USE_SIGNALTAP_FILE                   ; stp/counter.stp                                                         ; --            ; --          ; --               ;
+--------------------------------------+-------------------------------------------------------------------------+---------------+-------------+------------------+


+-------------------------------------------------------------------------------------------------------------------------------+
; Flow Elapsed Time                                                                                                             ;
+---------------------------+--------------+-------------------------+---------------------+------------------------------------+
; Module Name               ; Elapsed Time ; Average Processors Used ; Peak Virtual Memory ; Total CPU Time (on all processors) ;
+---------------------------+--------------+-------------------------+---------------------+------------------------------------+
; Analysis & Synthesis      ; 00:00:23     ; 1.0                     ; 295 MB              ; 00:00:17                           ;
; Fitter                    ; 00:00:35     ; 1.0                     ; 313 MB              ; 00:00:17                           ;
; Assembler                 ; 00:00:33     ; 1.0                     ; 238 MB              ; 00:00:11                           ;
; TimeQuest Timing Analyzer ; 00:00:44     ; 1.0                     ; 244 MB              ; 00:00:12                           ;
; EDA Netlist Writer        ; 00:00:26     ; 1.0                     ; 221 MB              ; 00:00:11                           ;
; TimeQuest Timing Analyzer ; 00:00:10     ; 1.0                     ; 242 MB              ; 00:00:10                           ;
; Total                     ; 00:02:51     ; --                      ; --                  ; 00:01:18                           ;
+---------------------------+--------------+-------------------------+---------------------+------------------------------------+


+-----------------------------------------------------------------------------------------+
; Flow OS Summary                                                                         ;
+---------------------------+------------------+------------+------------+----------------+
; Module Name               ; Machine Hostname ; OS Name    ; OS Version ; Processor type ;
+---------------------------+------------------+------------+------------+----------------+
; Analysis & Synthesis      ; flanix           ; Windows XP ; 5.1        ; i1586          ;
; Fitter                    ; flanix           ; Windows XP ; 5.1        ; i1586          ;
; Assembler                 ; flanix           ; Windows XP ; 5.1        ; i1586          ;
; TimeQuest Timing Analyzer ; flanix           ; Windows XP ; 5.1        ; i1586          ;
; EDA Netlist Writer        ; flanix           ; Windows XP ; 5.1        ; i1586          ;
; TimeQuest Timing Analyzer ; flanix           ; Windows XP ; 5.1        ; i1586          ;
+---------------------------+------------------+------------+------------+----------------+


------------
; Flow Log ;
------------
quartus_map --read_settings_files=on --write_settings_files=off counter -c counter
quartus_fit --read_settings_files=off --write_settings_files=off counter -c counter
quartus_asm --read_settings_files=off --write_settings_files=off counter -c counter
quartus_sta counter -c counter
quartus_eda --read_settings_files=off --write_settings_files=off counter -c counter
quartus_sta counter -c counter



